<?xml version="1.0" encoding="utf-8"?><testsuites><testsuite name="pytest" errors="1" failures="0" skipped="0" tests="1" time="237.229" timestamp="2024-03-18T19:23:30.441451" hostname="Binay"><testcase classname="" name="login2_test" time="0.000"><error message="collection failure">login2_test.py:8: in &lt;module&gt;
    class LoginPageTest(unittest.TestCase):
login2_test.py:10: in LoginPageTest
    driver = webdriver.Chrome()
C:\Python310\lib\site-packages\seleniumwire\webdriver.py:218: in __init__
    super().__init__(*args, **kwargs)
C:\Python310\lib\site-packages\selenium\webdriver\chrome\webdriver.py:45: in __init__
    super().__init__(
C:\Python310\lib\site-packages\selenium\webdriver\chromium\webdriver.py:49: in __init__
    self.service.path = DriverFinder.get_path(self.service, options)
C:\Python310\lib\site-packages\selenium\webdriver\common\driver_finder.py:38: in get_path
    path = SeleniumManager().driver_location(options) if path is None else path
C:\Python310\lib\site-packages\selenium\webdriver\common\selenium_manager.py:103: in driver_location
    output = self.run(args)
C:\Python310\lib\site-packages\selenium\webdriver\common\selenium_manager.py:132: in run
    completed_proc = subprocess.run(args, capture_output=True, creationflags=subprocess.CREATE_NO_WINDOW)
C:\Python310\Lib\subprocess.py:503: in run
    stdout, stderr = process.communicate(input, timeout=timeout)
C:\Python310\Lib\subprocess.py:1149: in communicate
    stdout, stderr = self._communicate(input, endtime, timeout)
C:\Python310\Lib\subprocess.py:1523: in _communicate
    self.stdout_thread.join(self._remaining_time(endtime))
C:\Python310\Lib\threading.py:1089: in join
    self._wait_for_tstate_lock()
C:\Python310\Lib\threading.py:1109: in _wait_for_tstate_lock
    if lock.acquire(block, timeout):
E   KeyboardInterrupt</error></testcase></testsuite></testsuites>